<?xml version="1.0" encoding="UTF-8"?>
<!-- Generated by org.testng.reporters.JUnitXMLReporter -->
<testsuite ignored="0" hostname="DESKTOP-JE7EC82" failures="1" tests="4" name="Test" time="114.607" errors="0" timestamp="2022-03-11T14:33:02 IST">
  <testcase classname="Academy.Validatetitle" name="basePageNavigation" time="32.744">
    <failure type="java.lang.AssertionError" message="expected [Featured Courses123] but found [FEATURED COURSES]">
      <![CDATA[java.lang.AssertionError: expected [Featured Courses123] but found [FEATURED COURSES]
at Academy.Validatetitle.basePageNavigation(Validatetitle.java:26)
at java.base/java.util.ArrayList.forEach(ArrayList.java:1511)
... Removed 33 stack frames]]>
    </failure>
  </testcase> <!-- basePageNavigation -->
  <testcase classname="Academy.ValidateNavigationBar" name="basePageNavigation" time="32.365"/>
  <testcase classname="Academy.HomePage" name="basePageNavigation" time="24.863"/>
  <testcase classname="Academy.HomePage" name="basePageNavigation" time="24.548"/>
</testsuite> <!-- Test -->
